<?xml version="1.0" encoding="UTF-8"?>
<!-- Generated by org.testng.reporters.JUnitXMLReporter -->
<testsuite ignored="0" hostname="BTKLLPREN108" failures="0" tests="10" name="Default test" time="37.564" errors="0" timestamp="2024-10-08T23:32:29 IST">
  <testcase classname="testCases.TC_loginpage" name="verify_validusernamepassword" time="0.565"/>
  <testcase classname="testCases.TC_loginpage" name="Myaacount_Signout" time="8.016"/>
  <testcase classname="testCases.TC_loginpage" name="Verify_Invalidusername_validpassword" time="0.732"/>
  <testcase classname="testCases.TC_loginpage" name="To_Verify_valid_username_with_invalid_password" time="2.854"/>
  <testcase classname="testCases.TC_loginpage" name="To_verify_send_btn_enable_or_not" time="3.107"/>
  <testcase classname="testCases.TC_loginpage" name="To_verify_clickof_appstore" time="2.685"/>
  <testcase classname="testCases.TC_loginpage" name="To_verify_androidapp" time="4.064"/>
  <testcase classname="testCases.TC_loginpage" name="To_verify_windowstore" time="5.385"/>
  <testcase classname="testCases.TC_loginpage" name="To_verify_privacy_policy" time="3.679"/>
  <testcase classname="testCases.TC_loginpage" name="To_terms_condition" time="1.348"/>
</testsuite> <!-- Default test -->
