<?xml version="1.0" encoding="UTF-8"?>
<testng-results ignored="0" total="10" passed="10" failed="0" skipped="0">
  <reporter-output>
  </reporter-output>
  <suite started-at="2024-10-08T23:33:41 IST" name="Suite" finished-at="2024-10-08T23:34:24 IST" duration-ms="43644">
    <groups>
    </groups>
    <test started-at="2024-10-08T23:33:41 IST" name="Test" finished-at="2024-10-08T23:34:24 IST" duration-ms="43644">
      <class name="testCases.TC_loginpage">
        <test-method is-config="true" signature="setup()[pri:0, instance:testCases.TC_loginpage@165b8a71]" started-at="2024-10-08T23:33:41 IST" name="setup" finished-at="2024-10-08T23:33:45 IST" duration-ms="4212" status="PASS">
          <reporter-output>
          </reporter-output>
        </test-method> <!-- setup -->
        <test-method signature="verify_validusernamepassword()[pri:1, instance:testCases.TC_loginpage@165b8a71]" started-at="2024-10-08T23:33:45 IST" name="verify_validusernamepassword" finished-at="2024-10-08T23:33:46 IST" duration-ms="619" status="PASS">
          <reporter-output>
          </reporter-output>
        </test-method> <!-- verify_validusernamepassword -->
        <test-method signature="Myaacount_Signout()[pri:2, instance:testCases.TC_loginpage@165b8a71]" started-at="2024-10-08T23:33:46 IST" name="Myaacount_Signout" finished-at="2024-10-08T23:34:00 IST" duration-ms="14808" status="PASS">
          <reporter-output>
          </reporter-output>
        </test-method> <!-- Myaacount_Signout -->
        <test-method signature="Verify_Invalidusername_validpassword()[pri:3, instance:testCases.TC_loginpage@165b8a71]" started-at="2024-10-08T23:34:00 IST" name="Verify_Invalidusername_validpassword" finished-at="2024-10-08T23:34:01 IST" duration-ms="929" status="PASS">
          <reporter-output>
          </reporter-output>
        </test-method> <!-- Verify_Invalidusername_validpassword -->
        <test-method signature="To_Verify_valid_username_with_invalid_password()[pri:4, instance:testCases.TC_loginpage@165b8a71]" started-at="2024-10-08T23:34:01 IST" name="To_Verify_valid_username_with_invalid_password" finished-at="2024-10-08T23:34:05 IST" duration-ms="3243" status="PASS">
          <reporter-output>
          </reporter-output>
        </test-method> <!-- To_Verify_valid_username_with_invalid_password -->
        <test-method signature="To_verify_send_btn_enable_or_not()[pri:5, instance:testCases.TC_loginpage@165b8a71]" started-at="2024-10-08T23:34:05 IST" name="To_verify_send_btn_enable_or_not" finished-at="2024-10-08T23:34:08 IST" duration-ms="2982" status="PASS">
          <reporter-output>
          </reporter-output>
        </test-method> <!-- To_verify_send_btn_enable_or_not -->
        <test-method signature="To_verify_clickof_appstore()[pri:6, instance:testCases.TC_loginpage@165b8a71]" started-at="2024-10-08T23:34:08 IST" name="To_verify_clickof_appstore" finished-at="2024-10-08T23:34:10 IST" duration-ms="2214" status="PASS">
          <reporter-output>
          </reporter-output>
        </test-method> <!-- To_verify_clickof_appstore -->
        <test-method signature="To_verify_androidapp()[pri:7, instance:testCases.TC_loginpage@165b8a71]" started-at="2024-10-08T23:34:10 IST" name="To_verify_androidapp" finished-at="2024-10-08T23:34:13 IST" duration-ms="3063" status="PASS">
          <reporter-output>
          </reporter-output>
        </test-method> <!-- To_verify_androidapp -->
        <test-method signature="To_verify_windowstore()[pri:8, instance:testCases.TC_loginpage@165b8a71]" started-at="2024-10-08T23:34:13 IST" name="To_verify_windowstore" finished-at="2024-10-08T23:34:20 IST" duration-ms="7005" status="PASS">
          <reporter-output>
          </reporter-output>
        </test-method> <!-- To_verify_windowstore -->
        <test-method signature="To_verify_privacy_policy()[pri:9, instance:testCases.TC_loginpage@165b8a71]" started-at="2024-10-08T23:34:20 IST" name="To_verify_privacy_policy" finished-at="2024-10-08T23:34:21 IST" duration-ms="1085" status="PASS">
          <reporter-output>
          </reporter-output>
        </test-method> <!-- To_verify_privacy_policy -->
        <test-method signature="To_terms_condition()[pri:10, instance:testCases.TC_loginpage@165b8a71]" started-at="2024-10-08T23:34:21 IST" name="To_terms_condition" finished-at="2024-10-08T23:34:23 IST" duration-ms="2294" status="PASS">
          <reporter-output>
          </reporter-output>
        </test-method> <!-- To_terms_condition -->
        <test-method is-config="true" signature="tearDown()[pri:0, instance:testCases.TC_loginpage@165b8a71]" started-at="2024-10-08T23:34:23 IST" name="tearDown" finished-at="2024-10-08T23:34:24 IST" duration-ms="914" status="PASS">
          <reporter-output>
          </reporter-output>
        </test-method> <!-- tearDown -->
      </class> <!-- testCases.TC_loginpage -->
    </test> <!-- Test -->
  </suite> <!-- Suite -->
</testng-results>
